[debug] [2025-02-10T17:36:35.986Z] ----------------------------------------------------------------------
[debug] [2025-02-10T17:36:35.988Z] Command:       C:\Program Files\nodejs\node.exe C:\Users\waqar.kashif\AppData\Roaming\npm\node_modules\firebase-tools\lib\bin\firebase.js init
[debug] [2025-02-10T17:36:35.988Z] CLI Version:   13.30.0
[debug] [2025-02-10T17:36:35.988Z] Platform:      win32
[debug] [2025-02-10T17:36:35.988Z] Node Version:  v20.16.0
[debug] [2025-02-10T17:36:35.988Z] Time:          Mon Feb 10 2025 22:36:35 GMT+0500 (Pakistan Standard Time)
[debug] [2025-02-10T17:36:35.989Z] ----------------------------------------------------------------------
[debug] 
[debug] [2025-02-10T17:36:35.995Z] > command requires scopes: ["email","openid","https://www.googleapis.com/auth/cloudplatformprojects.readonly","https://www.googleapis.com/auth/firebase","https://www.googleapis.com/auth/cloud-platform"]
[debug] [2025-02-10T17:36:35.995Z] > authorizing via signed-in user (zaid.usman@abacuscambridge.com)
[info] 
     ######## #### ########  ######## ########     ###     ######  ########
     ##        ##  ##     ## ##       ##     ##  ##   ##  ##       ##
     ######    ##  ########  ######   ########  #########  ######  ######
     ##        ##  ##    ##  ##       ##     ## ##     ##       ## ##
     ##       #### ##     ## ######## ########  ##     ##  ######  ########

You're about to initialize a Firebase project in this directory:

  C:\William\wvservice

Before we get started, keep in mind:

  * You are currently outside your home directory

[info] 
=== Project Setup
[info] 
[info] First, let's associate this project directory with a Firebase project.
[info] You can create multiple project aliases by running firebase use --add, 
[info] but for now we'll just set up a default project.
[info] 
[debug] [2025-02-10T17:36:50.811Z] Checked if tokens are valid: false, expires at: 1713864741949
[debug] [2025-02-10T17:36:50.811Z] Checked if tokens are valid: false, expires at: 1713864741949
[debug] [2025-02-10T17:36:50.811Z] > refreshing access token with scopes: []
[debug] [2025-02-10T17:36:50.813Z] >>> [apiv2][query] POST https://www.googleapis.com/oauth2/v3/token [none]
[debug] [2025-02-10T17:36:50.813Z] >>> [apiv2][body] POST https://www.googleapis.com/oauth2/v3/token [omitted]
[debug] [2025-02-10T17:36:51.835Z] <<< [apiv2][status] POST https://www.googleapis.com/oauth2/v3/token 400
[debug] [2025-02-10T17:36:51.835Z] <<< [apiv2][body] POST https://www.googleapis.com/oauth2/v3/token [omitted]
[debug] [2025-02-10T17:36:51.835Z] >>> [apiv2][query] GET https://firebase.googleapis.com/v1beta1/projects pageSize=100
[debug] [2025-02-10T17:36:52.907Z] <<< [apiv2][status] GET https://firebase.googleapis.com/v1beta1/projects 401
[debug] [2025-02-10T17:36:52.908Z] <<< [apiv2][body] GET https://firebase.googleapis.com/v1beta1/projects [omitted]
[debug] [2025-02-10T17:36:52.908Z] Got a 401 Unauthenticated error for a call that required authentication. Refreshing tokens.
[debug] [2025-02-10T17:36:52.908Z] Checked if tokens are valid: false, expires at: 1713864741949
[debug] [2025-02-10T17:36:52.908Z] Checked if tokens are valid: false, expires at: 1713864741949
[debug] [2025-02-10T17:36:52.908Z] > refreshing access token with scopes: []
[debug] [2025-02-10T17:36:52.908Z] >>> [apiv2][query] POST https://www.googleapis.com/oauth2/v3/token [none]
[debug] [2025-02-10T17:36:52.908Z] >>> [apiv2][body] POST https://www.googleapis.com/oauth2/v3/token [omitted]
[debug] [2025-02-10T17:36:53.114Z] <<< [apiv2][status] POST https://www.googleapis.com/oauth2/v3/token 400
[debug] [2025-02-10T17:36:53.114Z] <<< [apiv2][body] POST https://www.googleapis.com/oauth2/v3/token [omitted]
[debug] [2025-02-10T17:36:53.115Z] Request to https://firebase.googleapis.com/v1beta1/projects?pageSize=100 had HTTP Error: 401, Request had invalid authentication credentials. Expected OAuth 2 access token, login cookie or other valid authentication credential. See https://developers.google.com/identity/sign-in/web/devconsole-project.
[debug] [2025-02-10T17:36:54.666Z] FirebaseError: Request to https://firebase.googleapis.com/v1beta1/projects?pageSize=100 had HTTP Error: 401, Request had invalid authentication credentials. Expected OAuth 2 access token, login cookie or other valid authentication credential. See https://developers.google.com/identity/sign-in/web/devconsole-project.
    at responseToError (C:\Users\waqar.kashif\AppData\Roaming\npm\node_modules\firebase-tools\lib\responseToError.js:52:12)
    at RetryOperation._fn (C:\Users\waqar.kashif\AppData\Roaming\npm\node_modules\firebase-tools\lib\apiv2.js:312:77)
    at process.processTicksAndRejections (node:internal/process/task_queues:95:5)
[error] 
[error] Error: Failed to list Firebase projects. See firebase-debug.log for more info.
